# JRE version: OpenJDK Runtime Environment (8.0_242-b01) (build 1.8.0_242-release-1644-b01)
# Java VM: OpenJDK 64-Bit Server VM (25.242-b01 mixed mode windows-amd64 compressed oops)
Heap:
 PSYoungGen      total 282624K, used 156447K [0x00000000d5580000, 0x00000000e8300000, 0x0000000100000000)
  eden space 263680K, 52% used [0x00000000d5580000,0x00000000ddd7b3e8,0x00000000e5700000)
  from space 18944K, 90% used [0x00000000e7080000,0x00000000e814c8d8,0x00000000e8300000)
  to   space 22528K, 0% used [0x00000000e5700000,0x00000000e5700000,0x00000000e6d00000)
 ParOldGen       total 98816K, used 49101K [0x0000000080000000, 0x0000000086080000, 0x00000000d5580000)
  object space 98816K, 49% used [0x0000000080000000,0x0000000082ff35a0,0x0000000086080000)
 Metaspace       used 85503K, capacity 90204K, committed 90496K, reserved 1126400K
  class space    used 11644K, capacity 12569K, committed 12672K, reserved 1048576K
GC Heap History (10 events):
Event: 58.159 GC heap before
{Heap before GC invocations=17 (full 2):
 PSYoungGen      total 167424K, used 18992K [0x00000000d5580000, 0x00000000e1f00000, 0x0000000100000000)
  eden space 154112K, 3% used [0x00000000d5580000,0x00000000d5b0fdc0,0x00000000dec00000)
  from space 13312K, 99% used [0x00000000dfd00000,0x00000000e09fc468,0x00000000e0a00000)
  to   space 17408K, 0% used [0x00000000dec00000,0x00000000dec00000,0x00000000dfd00000)
 ParOldGen       total 70656K, used 23191K [0x0000000080000000, 0x0000000084500000, 0x00000000d5580000)
  object space 70656K, 32% used [0x0000000080000000,0x00000000816a5c58,0x0000000084500000)
 Metaspace       used 56349K, capacity 58998K, committed 59136K, reserved 1099776K
  class space    used 7562K, capacity 8117K, committed 8192K, reserved 1048576K
Event: 58.184 GC heap after
Heap after GC invocations=17 (full 2):
 PSYoungGen      total 171520K, used 579K [0x00000000d5580000, 0x00000000e4e80000, 0x0000000100000000)
  eden space 154112K, 0% used [0x00000000d5580000,0x00000000d5580000,0x00000000dec00000)
  from space 17408K, 3% used [0x00000000dec00000,0x00000000dec90e38,0x00000000dfd00000)
  to   space 17920K, 0% used [0x00000000e3d00000,0x00000000e3d00000,0x00000000e4e80000)
 ParOldGen       total 70656K, used 32056K [0x0000000080000000, 0x0000000084500000, 0x00000000d5580000)
  object space 70656K, 45% used [0x0000000080000000,0x0000000081f4e100,0x0000000084500000)
 Metaspace       used 56349K, capacity 58998K, committed 59136K, reserved 1099776K
  class space    used 7562K, capacity 8117K, committed 8192K, reserved 1048576K
}
Event: 58.184 GC heap before
{Heap before GC invocations=18 (full 3):
 PSYoungGen      total 171520K, used 579K [0x00000000d5580000, 0x00000000e4e80000, 0x0000000100000000)
  eden space 154112K, 0% used [0x00000000d5580000,0x00000000d5580000,0x00000000dec00000)
  from space 17408K, 3% used [0x00000000dec00000,0x00000000dec90e38,0x00000000dfd00000)
  to   space 17920K, 0% used [0x00000000e3d00000,0x00000000e3d00000,0x00000000e4e80000)
 ParOldGen       total 70656K, used 32056K [0x0000000080000000, 0x0000000084500000, 0x00000000d5580000)
  object space 70656K, 45% used [0x0000000080000000,0x0000000081f4e100,0x0000000084500000)
 Metaspace       used 56349K, capacity 58998K, committed 59136K, reserved 1099776K
  class space    used 7562K, capacity 8117K, committed 8192K, reserved 1048576K
Event: 58.566 GC heap after
Heap after GC invocations=18 (full 3):
 PSYoungGen      total 171520K, used 0K [0x00000000d5580000, 0x00000000e4e80000, 0x0000000100000000)
  eden space 154112K, 0% used [0x00000000d5580000,0x00000000d5580000,0x00000000dec00000)
  from space 17408K, 0% used [0x00000000dec00000,0x00000000dec00000,0x00000000dfd00000)
  to   space 17920K, 0% used [0x00000000e3d00000,0x00000000e3d00000,0x00000000e4e80000)
 ParOldGen       total 98816K, used 29939K [0x0000000080000000, 0x0000000086080000, 0x00000000d5580000)
  object space 98816K, 30% used [0x0000000080000000,0x0000000081d3cde8,0x0000000086080000)
 Metaspace       used 56320K, capacity 58896K, committed 59136K, reserved 1099776K
  class space    used 7552K, capacity 8100K, committed 8192K, reserved 1048576K
}
Event: 64.672 GC heap before
{Heap before GC invocations=19 (full 3):
 PSYoungGen      total 171520K, used 154112K [0x00000000d5580000, 0x00000000e4e80000, 0x0000000100000000)
  eden space 154112K, 100% used [0x00000000d5580000,0x00000000dec00000,0x00000000dec00000)
  from space 17408K, 0% used [0x00000000dec00000,0x00000000dec00000,0x00000000dfd00000)
  to   space 17920K, 0% used [0x00000000e3d00000,0x00000000e3d00000,0x00000000e4e80000)
 ParOldGen       total 98816K, used 29939K [0x0000000080000000, 0x0000000086080000, 0x00000000d5580000)
  object space 98816K, 30% used [0x0000000080000000,0x0000000081d3cde8,0x0000000086080000)
 Metaspace       used 65127K, capacity 68406K, committed 68480K, reserved 1107968K
  class space    used 8892K, capacity 9592K, committed 9600K, reserved 1048576K
Event: 64.705 GC heap after
Heap after GC invocations=19 (full 3):
 PSYoungGen      total 233984K, used 15897K [0x00000000d5580000, 0x00000000e4f80000, 0x0000000100000000)
  eden space 216064K, 0% used [0x00000000d5580000,0x00000000d5580000,0x00000000e2880000)
  from space 17920K, 88% used [0x00000000e3d00000,0x00000000e4c86780,0x00000000e4e80000)
  to   space 19968K, 0% used [0x00000000e2880000,0x00000000e2880000,0x00000000e3c00000)
 ParOldGen       total 98816K, used 29947K [0x0000000080000000, 0x0000000086080000, 0x00000000d5580000)
  object space 98816K, 30% used [0x0000000080000000,0x0000000081d3ede8,0x0000000086080000)
 Metaspace       used 65127K, capacity 68406K, committed 68480K, reserved 1107968K
  class space    used 8892K, capacity 9592K, committed 9600K, reserved 1048576K
}
Event: 78.442 GC heap before
{Heap before GC invocations=20 (full 3):
 PSYoungGen      total 233984K, used 231961K [0x00000000d5580000, 0x00000000e4f80000, 0x0000000100000000)
  eden space 216064K, 100% used [0x00000000d5580000,0x00000000e2880000,0x00000000e2880000)
  from space 17920K, 88% used [0x00000000e3d00000,0x00000000e4c86780,0x00000000e4e80000)
  to   space 19968K, 0% used [0x00000000e2880000,0x00000000e2880000,0x00000000e3c00000)
 ParOldGen       total 98816K, used 29947K [0x0000000080000000, 0x0000000086080000, 0x00000000d5580000)
  object space 98816K, 30% used [0x0000000080000000,0x0000000081d3ede8,0x0000000086080000)
 Metaspace       used 69420K, capacity 73302K, committed 73472K, reserved 1112064K
  class space    used 9472K, capacity 10222K, committed 10240K, reserved 1048576K
Event: 78.501 GC heap after
Heap after GC invocations=20 (full 3):
 PSYoungGen      total 236032K, used 12717K [0x00000000d5580000, 0x00000000e8480000, 0x0000000100000000)
  eden space 216064K, 0% used [0x00000000d5580000,0x00000000d5580000,0x00000000e2880000)
  from space 19968K, 63% used [0x00000000e2880000,0x00000000e34eb498,0x00000000e3c00000)
  to   space 20480K, 0% used [0x00000000e7080000,0x00000000e7080000,0x00000000e8480000)
 ParOldGen       total 98816K, used 39520K [0x0000000080000000, 0x0000000086080000, 0x00000000d5580000)
  object space 98816K, 39% used [0x0000000080000000,0x0000000082698388,0x0000000086080000)
 Metaspace       used 69420K, capacity 73302K, committed 73472K, reserved 1112064K
  class space    used 9472K, capacity 10222K, committed 10240K, reserved 1048576K
}
Event: 98.079 GC heap before
{Heap before GC invocations=21 (full 3):
 PSYoungGen      total 236032K, used 228781K [0x00000000d5580000, 0x00000000e8480000, 0x0000000100000000)
  eden space 216064K, 100% used [0x00000000d5580000,0x00000000e2880000,0x00000000e2880000)
  from space 19968K, 63% used [0x00000000e2880000,0x00000000e34eb498,0x00000000e3c00000)
  to   space 20480K, 0% used [0x00000000e7080000,0x00000000e7080000,0x00000000e8480000)
 ParOldGen       total 98816K, used 39520K [0x0000000080000000, 0x0000000086080000, 0x00000000d5580000)
  object space 98816K, 39% used [0x0000000080000000,0x0000000082698388,0x0000000086080000)
 Metaspace       used 77079K, capacity 81230K, committed 81536K, reserved 1120256K
  class space    used 10455K, capacity 11268K, committed 11392K, reserved 1048576K
Event: 98.135 GC heap after
Heap after GC invocations=21 (full 3):
 PSYoungGen      total 282624K, used 17202K [0x00000000d5580000, 0x00000000e8300000, 0x0000000100000000)
  eden space 263680K, 0% used [0x00000000d5580000,0x00000000d5580000,0x00000000e5700000)
  from space 18944K, 90% used [0x00000000e7080000,0x00000000e814c8d8,0x00000000e8300000)
  to   space 22528K, 0% used [0x00000000e5700000,0x00000000e5700000,0x00000000e6d00000)
 ParOldGen       total 98816K, used 49101K [0x0000000080000000, 0x0000000086080000, 0x00000000d5580000)
  object space 98816K, 49% used [0x0000000080000000,0x0000000082ff35a0,0x0000000086080000)
 Metaspace       used 77079K, capacity 81230K, committed 81536K, reserved 1120256K
  class space    used 10455K, capacity 11268K, committed 11392K, reserved 1048576K
}

